--- STDOUT ---
[2m23:23:54[22m [34m[content][39m Syncing content
[2m23:23:54[22m [34m[content][39m Synced content
[2m23:23:54[22m [34m[types][39m Generated [2m509ms[22m
[2m23:23:54[22m [34m[build][39m output: [34m"static"[39m
[2m23:23:54[22m [34m[build][39m mode: [34m"static"[39m
[2m23:23:54[22m [34m[build][39m directory: [34mC:\Users\User\Projects\strategie-beratung\dist\[39m
[2m23:23:54[22m [34m[build][39m Collecting build info...
[2m23:23:54[22m [34m[build][39m [32m✓ Completed in 604ms.[39m
[2m23:23:54[22m [34m[build][39m Building static entrypoints...


--- STDERR ---
[31m[1m23:23:55[22m [ERROR] [vite][39m [31m✗[39m Build failed in 777ms
Unexpected "const"
  [1mLocation:[22m
    [4mC:/Users/User/Projects/strategie-beratung/src/pages/l/[slug].astro:33:41[24m
  [1mStack trace:[22m
[2m    at failureErrorWithLog (C:\Users\User\Projects\strategie-beratung\node_modules\esbuild\lib\main.js:1467:15)
    at responseCallbacks.<computed> (C:\Users\User\Projects\strategie-beratung\node_modules\esbuild\lib\main.js:603:9)
    at Socket.readFromStdout (C:\Users\User\Projects\strategie-beratung\node_modules\esbuild\lib\main.js:581:7)
    at addChunk (node:internal/streams/readable:559:12)
    at Readable.push (node:internal/streams/readable:390:5)[22m


--- ERROR ---
Error: Command failed: npx astro build
[31m[1m23:23:55[22m [ERROR] [vite][39m [31m✗[39m Build failed in 777ms
Unexpected "const"
  [1mLocation:[22m
    [4mC:/Users/User/Projects/strategie-beratung/src/pages/l/[slug].astro:33:41[24m
  [1mStack trace:[22m
[2m    at failureErrorWithLog (C:\Users\User\Projects\strategie-beratung\node_modules\esbuild\lib\main.js:1467:15)
    at responseCallbacks.<computed> (C:\Users\User\Projects\strategie-beratung\node_modules\esbuild\lib\main.js:603:9)
    at Socket.readFromStdout (C:\Users\User\Projects\strategie-beratung\node_modules\esbuild\lib\main.js:581:7)
    at addChunk (node:internal/streams/readable:559:12)
    at Readable.push (node:internal/streams/readable:390:5)[22m
